app/build/outputs/logs/manifest-merger-debug-report.txt
-- Merging decision tree log ---
manifest
ADDED from src\main\AndroidManifest.xml:2:1-51:12
	xmlns:android
		ADDED from src\main\AndroidManifest.xml:2:11-69
	package
		ADDED from src\main\AndroidManifest.xml:3:5-38
		INJECTED from src\main\AndroidManifest.xml
		INJECTED from src\main\AndroidManifest.xml
	android:versionName
		ADDED from src\main\AndroidManifest.xml:5:5-30
		INJECTED from src\main\AndroidManifest.xml
		INJECTED from src\main\AndroidManifest.xml
	android:versionCode
		ADDED from src\main\AndroidManifest.xml:4:5-28
		INJECTED from src\main\AndroidManifest.xml
		INJECTED from src\main\AndroidManifest.xml
uses-permission#android.permission.WRITE_EXTERNAL_STORAGE
ADDED from src\main\AndroidManifest.xml:6:5-81
	android:name
		ADDED from src\main\AndroidManifest.xml:6:22-78
uses-permission#android.permission.INTERNET
ADDED from src\main\AndroidManifest.xml:7:5-66
	android:name
		ADDED from src\main\AndroidManifest.xml:7:22-64
uses-permission#android.permission.READ_EXTERNAL_STORAGE
ADDED from src\main\AndroidManifest.xml:8:5-79
	android:name
		ADDED from src\main\AndroidManifest.xml:8:22-77
uses-permission#android.permission.READ_PHONE_STATE
ADDED from src\main\AndroidManifest.xml:9:5-74
	android:name
		ADDED from src\main\AndroidManifest.xml:9:22-72
uses-sdk
ADDED from src\main\AndroidManifest.xml:10:5-12:41
MERGED from [com.android.support:appcompat-v7:19.0.0] AndroidManifest.xml:18:5-42
MERGED from [com.liulishuo.filedownloader:library:0.3.2] AndroidManifest.xml:7:5-9:41
	android:targetSdkVersion
		ADDED from src\main\AndroidManifest.xml:12:9-38
		INJECTED from src\main\AndroidManifest.xml
		INJECTED from src\main\AndroidManifest.xml
	android:minSdkVersion
		ADDED from src\main\AndroidManifest.xml:11:9-35
		INJECTED from src\main\AndroidManifest.xml
		INJECTED from src\main\AndroidManifest.xml
supports-screens
ADDED from src\main\AndroidManifest.xml:13:5-18:37
	android:resizeable
		ADDED from src\main\AndroidManifest.xml:17:9-34
	android:largeScreens
		ADDED from src\main\AndroidManifest.xml:16:9-36
	android:anyDensity
		ADDED from src\main\AndroidManifest.xml:18:9-34
	android:normalScreens
		ADDED from src\main\AndroidManifest.xml:15:9-37
	android:smallScreens
		ADDED from src\main\AndroidManifest.xml:14:9-36
application
ADDED from src\main\AndroidManifest.xml:20:5-43:19
MERGED from [com.android.support:appcompat-v7:19.0.0] AndroidManifest.xml:19:5-20
MERGED from [com.liulishuo.filedownloader:library:0.3.2] AndroidManifest.xml:11:5-16:19
	android:label
		ADDED from src\main\AndroidManifest.xml:23:9-41
	android:allowBackup
		ADDED from src\main\AndroidManifest.xml:21:9-35
	android:icon
		ADDED from src\main\AndroidManifest.xml:22:9-45
	android:theme
		ADDED from src\main\AndroidManifest.xml:24:9-56
activity#com.example.qr_codescan.MainActivity
ADDED from src\main\AndroidManifest.xml:25:9-28:20
	android:label
		ADDED from src\main\AndroidManifest.xml:27:13-45
	android:name
		ADDED from src\main\AndroidManifest.xml:26:13-64
activity#com.example.qr_codescan.MipcaActivityCapture
ADDED from src\main\AndroidManifest.xml:29:9-34:20
	android:windowSoftInputMode
		ADDED from src\main\AndroidManifest.xml:33:13-60
	android:screenOrientation
		ADDED from src\main\AndroidManifest.xml:32:13-49
	android:configChanges
		ADDED from src\main\AndroidManifest.xml:31:13-63
	android:name
		ADDED from src\main\AndroidManifest.xml:30:13-49
activity#com.example.qr_codescan.FttHssLoginActivity
ADDED from src\main\AndroidManifest.xml:35:9-41:20
	android:name
		ADDED from src\main\AndroidManifest.xml:35:19-54
intent-filter#android.intent.action.MAIN+android.intent.category.LAUNCHER
ADDED from src\main\AndroidManifest.xml:36:13-40:29
action#android.intent.action.MAIN
ADDED from src\main\AndroidManifest.xml:37:17-69
	android:name
		ADDED from src\main\AndroidManifest.xml:37:25-66
category#android.intent.category.LAUNCHER
ADDED from src\main\AndroidManifest.xml:39:17-77
	android:name
		ADDED from src\main\AndroidManifest.xml:39:27-74
activity#com.example.qr_codescan.Scan_Writer
ADDED from src\main\AndroidManifest.xml:42:9-48
	android:name
		ADDED from src\main\AndroidManifest.xml:42:19-46
uses-permission#android.permission.VIBRATE
ADDED from src\main\AndroidManifest.xml:45:5-66
	android:name
		ADDED from src\main\AndroidManifest.xml:45:22-63
uses-permission#android.permission.CAMERA
ADDED from src\main\AndroidManifest.xml:46:5-65
	android:name
		ADDED from src\main\AndroidManifest.xml:46:22-62
uses-feature#android.hardware.camera
ADDED from src\main\AndroidManifest.xml:48:5-60
	android:name
		ADDED from src\main\AndroidManifest.xml:48:19-57
uses-feature#android.hardware.camera.autofocus
ADDED from src\main\AndroidManifest.xml:49:5-70
	android:name
		ADDED from src\main\AndroidManifest.xml:49:19-67
service#com.liulishuo.filedownloader.services.FileDownloadService$SharedMainProcessService
ADDED from [com.liulishuo.filedownloader:library:0.3.2] AndroidManifest.xml:12:9-118
	android:name
		ADDED from [com.liulishuo.filedownloader:library:0.3.2] AndroidManifest.xml:12:18-115
service#com.liulishuo.filedownloader.services.FileDownloadService$SeparateProcessService
ADDED from [com.liulishuo.filedownloader:library:0.3.2] AndroidManifest.xml:13:9-15:49
	android:process
		ADDED from [com.liulishuo.filedownloader:library:0.3.2] AndroidManifest.xml:15:13-46
	android:name
		ADDED from [com.liulishuo.filedownloader:library:0.3.2] AndroidManifest.xml:14:13-108